0 info it worked if it ends with ok
1 verbose cli [ 'node', '/usr/local/bin/npm', 'install', 'react@0.13.3' ]
2 info using npm@3.8.9
3 info using node@v0.12.7
4 silly loadCurrentTree Starting
5 silly install loadCurrentTree
6 silly install readLocalPackageData
7 silly fetchPackageMetaData react@0.13.3
8 silly fetchNamedPackageData react
9 silly mapToRegistry name react
10 silly mapToRegistry using default registry
11 silly mapToRegistry registry https://registry.npmjs.org/
12 silly mapToRegistry data { raw: 'react',
12 silly mapToRegistry   scope: null,
12 silly mapToRegistry   name: 'react',
12 silly mapToRegistry   rawSpec: '',
12 silly mapToRegistry   spec: 'latest',
12 silly mapToRegistry   type: 'tag' }
13 silly mapToRegistry uri https://registry.npmjs.org/react
14 verbose request uri https://registry.npmjs.org/react
15 verbose request no auth needed
16 info attempt registry request try #1 at 14:04:47
17 verbose request id ce9463f529cbcbc1
18 verbose etag "4EX37H41497A7QT7HES22IG8B"
19 http request GET https://registry.npmjs.org/react
20 http 304 https://registry.npmjs.org/react
21 verbose headers { date: 'Thu, 05 May 2016 14:04:47 GMT',
21 verbose headers   via: '1.1 varnish',
21 verbose headers   'cache-control': 'max-age=300',
21 verbose headers   etag: '"4EX37H41497A7QT7HES22IG8B"',
21 verbose headers   age: '258',
21 verbose headers   connection: 'keep-alive',
21 verbose headers   'x-served-by': 'cache-lax1425-LAX',
21 verbose headers   'x-cache': 'HIT',
21 verbose headers   'x-cache-hits': '2',
21 verbose headers   'x-timer': 'S1462457087.241045,VS0,VE0',
21 verbose headers   vary: 'Accept-Encoding' }
22 silly get cb [ 304,
22 silly get   { date: 'Thu, 05 May 2016 14:04:47 GMT',
22 silly get     via: '1.1 varnish',
22 silly get     'cache-control': 'max-age=300',
22 silly get     etag: '"4EX37H41497A7QT7HES22IG8B"',
22 silly get     age: '258',
22 silly get     connection: 'keep-alive',
22 silly get     'x-served-by': 'cache-lax1425-LAX',
22 silly get     'x-cache': 'HIT',
22 silly get     'x-cache-hits': '2',
22 silly get     'x-timer': 'S1462457087.241045,VS0,VE0',
22 silly get     vary: 'Accept-Encoding' } ]
23 verbose etag https://registry.npmjs.org/react from cache
24 verbose get saving react to /home/ec2-user/.npm/registry.npmjs.org/react/.cache.json
25 verbose correctMkdir /home/ec2-user/.npm correctMkdir not in flight; initializing
26 silly install normalizeTree
27 silly loadCurrentTree Finishing
28 silly loadIdealTree Starting
29 silly install loadIdealTree
30 silly cloneCurrentTree Starting
31 silly install cloneCurrentTreeToIdealTree
32 silly cloneCurrentTree Finishing
33 silly loadShrinkwrap Starting
34 silly install loadShrinkwrap
35 silly loadShrinkwrap Finishing
36 silly loadAllDepsIntoIdealTree Starting
37 silly install loadAllDepsIntoIdealTree
38 silly resolveWithNewModule react@0.13.3 checking installable status
39 silly cache add args [ 'react@0.13.3', null ]
40 verbose cache add spec react@0.13.3
41 silly cache add parsed spec { raw: 'react@0.13.3',
41 silly cache add   scope: null,
41 silly cache add   name: 'react',
41 silly cache add   rawSpec: '0.13.3',
41 silly cache add   spec: '0.13.3',
41 silly cache add   type: 'version' }
42 silly addNamed react@0.13.3
43 verbose addNamed "0.13.3" is a plain semver version for react
44 silly mapToRegistry name react
45 silly mapToRegistry using default registry
46 silly mapToRegistry registry https://registry.npmjs.org/
47 silly mapToRegistry data { raw: 'react',
47 silly mapToRegistry   scope: null,
47 silly mapToRegistry   name: 'react',
47 silly mapToRegistry   rawSpec: '',
47 silly mapToRegistry   spec: 'latest',
47 silly mapToRegistry   type: 'tag' }
48 silly mapToRegistry uri https://registry.npmjs.org/react
49 verbose addNameVersion registry:https://registry.npmjs.org/react not in flight; fetching
50 verbose get https://registry.npmjs.org/react not expired, no request
51 silly cache afterAdd react@0.13.3
52 verbose afterAdd /home/ec2-user/.npm/react/0.13.3/package/package.json not in flight; writing
53 verbose correctMkdir /home/ec2-user/.npm correctMkdir not in flight; initializing
54 verbose afterAdd /home/ec2-user/.npm/react/0.13.3/package/package.json written
55 silly fetchNamedPackageData envify
56 silly mapToRegistry name envify
57 silly mapToRegistry using default registry
58 silly mapToRegistry registry https://registry.npmjs.org/
59 silly mapToRegistry data { raw: 'envify',
59 silly mapToRegistry   scope: null,
59 silly mapToRegistry   name: 'envify',
59 silly mapToRegistry   rawSpec: '',
59 silly mapToRegistry   spec: 'latest',
59 silly mapToRegistry   type: 'tag' }
60 silly mapToRegistry uri https://registry.npmjs.org/envify
61 verbose request uri https://registry.npmjs.org/envify
62 verbose request no auth needed
63 info attempt registry request try #1 at 14:04:47
64 verbose etag "2CIY89ABERZN7OTW0D4XV5CLW"
65 http request GET https://registry.npmjs.org/envify
66 http 304 https://registry.npmjs.org/envify
67 verbose headers { date: 'Thu, 05 May 2016 14:04:47 GMT',
67 verbose headers   via: '1.1 varnish',
67 verbose headers   'cache-control': 'max-age=300',
67 verbose headers   etag: '"2CIY89ABERZN7OTW0D4XV5CLW"',
67 verbose headers   age: '72',
67 verbose headers   connection: 'keep-alive',
67 verbose headers   'x-served-by': 'cache-lax1433-LAX',
67 verbose headers   'x-cache': 'HIT',
67 verbose headers   'x-cache-hits': '1',
67 verbose headers   'x-timer': 'S1462457087.638653,VS0,VE0',
67 verbose headers   vary: 'Accept-Encoding' }
68 silly get cb [ 304,
68 silly get   { date: 'Thu, 05 May 2016 14:04:47 GMT',
68 silly get     via: '1.1 varnish',
68 silly get     'cache-control': 'max-age=300',
68 silly get     etag: '"2CIY89ABERZN7OTW0D4XV5CLW"',
68 silly get     age: '72',
68 silly get     connection: 'keep-alive',
68 silly get     'x-served-by': 'cache-lax1433-LAX',
68 silly get     'x-cache': 'HIT',
68 silly get     'x-cache-hits': '1',
68 silly get     'x-timer': 'S1462457087.638653,VS0,VE0',
68 silly get     vary: 'Accept-Encoding' } ]
69 verbose etag https://registry.npmjs.org/envify from cache
70 verbose get saving envify to /home/ec2-user/.npm/registry.npmjs.org/envify/.cache.json
71 verbose correctMkdir /home/ec2-user/.npm correctMkdir not in flight; initializing
72 silly resolveWithNewModule envify@3.4.0 checking installable status
73 silly cache add args [ 'envify@^3.0.0', null ]
74 verbose cache add spec envify@^3.0.0
75 silly cache add parsed spec { raw: 'envify@^3.0.0',
75 silly cache add   scope: null,
75 silly cache add   name: 'envify',
75 silly cache add   rawSpec: '^3.0.0',
75 silly cache add   spec: '>=3.0.0 <4.0.0',
75 silly cache add   type: 'range' }
76 silly addNamed envify@>=3.0.0 <4.0.0
77 verbose addNamed ">=3.0.0 <4.0.0" is a valid semver range for envify
78 silly addNameRange { name: 'envify', range: '>=3.0.0 <4.0.0', hasData: false }
79 silly mapToRegistry name envify
80 silly mapToRegistry using default registry
81 silly mapToRegistry registry https://registry.npmjs.org/
82 silly mapToRegistry data { raw: 'envify',
82 silly mapToRegistry   scope: null,
82 silly mapToRegistry   name: 'envify',
82 silly mapToRegistry   rawSpec: '',
82 silly mapToRegistry   spec: 'latest',
82 silly mapToRegistry   type: 'tag' }
83 silly mapToRegistry uri https://registry.npmjs.org/envify
84 verbose addNameRange registry:https://registry.npmjs.org/envify not in flight; fetching
85 verbose get https://registry.npmjs.org/envify not expired, no request
86 silly addNameRange number 2 { name: 'envify', range: '>=3.0.0 <4.0.0', hasData: true }
87 silly addNameRange versions [ 'envify',
87 silly addNameRange   [ '0.0.1',
87 silly addNameRange     '0.1.0',
87 silly addNameRange     '0.2.0',
87 silly addNameRange     '1.0.0',
87 silly addNameRange     '1.0.1',
87 silly addNameRange     '1.1.0',
87 silly addNameRange     '1.2.0',
87 silly addNameRange     '1.2.1',
87 silly addNameRange     '2.0.0',
87 silly addNameRange     '2.0.1',
87 silly addNameRange     '3.0.0',
87 silly addNameRange     '3.1.0',
87 silly addNameRange     '3.2.0',
87 silly addNameRange     '3.3.0',
87 silly addNameRange     '3.3.1',
87 silly addNameRange     '3.4.0' ] ]
88 silly addNamed envify@3.4.0
89 verbose addNamed "3.4.0" is a plain semver version for envify
90 silly cache afterAdd envify@3.4.0
91 verbose afterAdd /home/ec2-user/.npm/envify/3.4.0/package/package.json not in flight; writing
92 verbose correctMkdir /home/ec2-user/.npm correctMkdir not in flight; initializing
93 verbose afterAdd /home/ec2-user/.npm/envify/3.4.0/package/package.json written
94 silly fetchNamedPackageData through
95 silly mapToRegistry name through
96 silly mapToRegistry using default registry
97 silly mapToRegistry registry https://registry.npmjs.org/
98 silly mapToRegistry data { raw: 'through',
98 silly mapToRegistry   scope: null,
98 silly mapToRegistry   name: 'through',
98 silly mapToRegistry   rawSpec: '',
98 silly mapToRegistry   spec: 'latest',
98 silly mapToRegistry   type: 'tag' }
99 silly mapToRegistry uri https://registry.npmjs.org/through
100 silly fetchNamedPackageData jstransform
101 silly mapToRegistry name jstransform
102 silly mapToRegistry using default registry
103 silly mapToRegistry registry https://registry.npmjs.org/
104 silly mapToRegistry data { raw: 'jstransform',
104 silly mapToRegistry   scope: null,
104 silly mapToRegistry   name: 'jstransform',
104 silly mapToRegistry   rawSpec: '',
104 silly mapToRegistry   spec: 'latest',
104 silly mapToRegistry   type: 'tag' }
105 silly mapToRegistry uri https://registry.npmjs.org/jstransform
106 verbose request uri https://registry.npmjs.org/through
107 verbose request no auth needed
108 info attempt registry request try #1 at 14:04:47
109 verbose etag "CE6VRILW8NZQ8N35ZLTHDXJ61"
110 http request GET https://registry.npmjs.org/through
111 verbose request uri https://registry.npmjs.org/jstransform
112 verbose request no auth needed
113 info attempt registry request try #1 at 14:04:47
114 verbose etag "47B7F6QLHW6K515EWMAOJ4LOW"
115 http request GET https://registry.npmjs.org/jstransform
116 http 304 https://registry.npmjs.org/through
117 verbose headers { date: 'Thu, 05 May 2016 14:04:47 GMT',
117 verbose headers   via: '1.1 varnish',
117 verbose headers   'cache-control': 'max-age=300',
117 verbose headers   etag: '"CE6VRILW8NZQ8N35ZLTHDXJ61"',
117 verbose headers   age: '44',
117 verbose headers   connection: 'keep-alive',
117 verbose headers   'x-served-by': 'cache-lax1425-LAX',
117 verbose headers   'x-cache': 'HIT',
117 verbose headers   'x-cache-hits': '2',
117 verbose headers   'x-timer': 'S1462457087.804563,VS0,VE0',
117 verbose headers   vary: 'Accept-Encoding' }
118 silly get cb [ 304,
118 silly get   { date: 'Thu, 05 May 2016 14:04:47 GMT',
118 silly get     via: '1.1 varnish',
118 silly get     'cache-control': 'max-age=300',
118 silly get     etag: '"CE6VRILW8NZQ8N35ZLTHDXJ61"',
118 silly get     age: '44',
118 silly get     connection: 'keep-alive',
118 silly get     'x-served-by': 'cache-lax1425-LAX',
118 silly get     'x-cache': 'HIT',
118 silly get     'x-cache-hits': '2',
118 silly get     'x-timer': 'S1462457087.804563,VS0,VE0',
118 silly get     vary: 'Accept-Encoding' } ]
119 verbose etag https://registry.npmjs.org/through from cache
120 verbose get saving through to /home/ec2-user/.npm/registry.npmjs.org/through/.cache.json
121 verbose correctMkdir /home/ec2-user/.npm correctMkdir not in flight; initializing
122 silly resolveWithNewModule through@2.3.8 checking installable status
123 silly cache add args [ 'through@~2.3.4', null ]
124 verbose cache add spec through@~2.3.4
125 silly cache add parsed spec { raw: 'through@~2.3.4',
125 silly cache add   scope: null,
125 silly cache add   name: 'through',
125 silly cache add   rawSpec: '~2.3.4',
125 silly cache add   spec: '>=2.3.4 <2.4.0',
125 silly cache add   type: 'range' }
126 silly addNamed through@>=2.3.4 <2.4.0
127 verbose addNamed ">=2.3.4 <2.4.0" is a valid semver range for through
128 silly addNameRange { name: 'through', range: '>=2.3.4 <2.4.0', hasData: false }
129 silly mapToRegistry name through
130 silly mapToRegistry using default registry
131 silly mapToRegistry registry https://registry.npmjs.org/
132 silly mapToRegistry data { raw: 'through',
132 silly mapToRegistry   scope: null,
132 silly mapToRegistry   name: 'through',
132 silly mapToRegistry   rawSpec: '',
132 silly mapToRegistry   spec: 'latest',
132 silly mapToRegistry   type: 'tag' }
133 silly mapToRegistry uri https://registry.npmjs.org/through
134 verbose addNameRange registry:https://registry.npmjs.org/through not in flight; fetching
135 verbose get https://registry.npmjs.org/through not expired, no request
136 silly addNameRange number 2 { name: 'through', range: '>=2.3.4 <2.4.0', hasData: true }
137 silly addNameRange versions [ 'through',
137 silly addNameRange   [ '0.0.1',
137 silly addNameRange     '0.0.2',
137 silly addNameRange     '0.0.3',
137 silly addNameRange     '0.0.4',
137 silly addNameRange     '0.1.0',
137 silly addNameRange     '0.1.1',
137 silly addNameRange     '0.1.2',
137 silly addNameRange     '0.1.3',
137 silly addNameRange     '0.1.4',
137 silly addNameRange     '1.0.0',
137 silly addNameRange     '1.1.0',
137 silly addNameRange     '1.1.1',
137 silly addNameRange     '1.1.2',
137 silly addNameRange     '2.0.0',
137 silly addNameRange     '2.1.0',
137 silly addNameRange     '2.2.0',
137 silly addNameRange     '2.2.1',
137 silly addNameRange     '2.2.2',
137 silly addNameRange     '2.2.4',
137 silly addNameRange     '2.2.5',
137 silly addNameRange     '2.2.6',
137 silly addNameRange     '2.2.7',
137 silly addNameRange     '2.3.1',
137 silly addNameRange     '2.3.2',
137 silly addNameRange     '2.3.3',
137 silly addNameRange     '2.3.4',
137 silly addNameRange     '2.3.6',
137 silly addNameRange     '2.3.7',
137 silly addNameRange     '2.3.8' ] ]
138 silly addNamed through@2.3.8
139 verbose addNamed "2.3.8" is a plain semver version for through
140 silly cache afterAdd through@2.3.8
141 verbose afterAdd /home/ec2-user/.npm/through/2.3.8/package/package.json not in flight; writing
142 verbose correctMkdir /home/ec2-user/.npm correctMkdir not in flight; initializing
143 http 304 https://registry.npmjs.org/jstransform
144 verbose headers { date: 'Thu, 05 May 2016 14:04:47 GMT',
144 verbose headers   via: '1.1 varnish',
144 verbose headers   'cache-control': 'max-age=300',
144 verbose headers   etag: '"47B7F6QLHW6K515EWMAOJ4LOW"',
144 verbose headers   age: '121',
144 verbose headers   connection: 'keep-alive',
144 verbose headers   'x-served-by': 'cache-lax1431-LAX',
144 verbose headers   'x-cache': 'HIT',
144 verbose headers   'x-cache-hits': '1',
144 verbose headers   'x-timer': 'S1462457087.808272,VS0,VE0',
144 verbose headers   vary: 'Accept-Encoding' }
145 silly get cb [ 304,
145 silly get   { date: 'Thu, 05 May 2016 14:04:47 GMT',
145 silly get     via: '1.1 varnish',
145 silly get     'cache-control': 'max-age=300',
145 silly get     etag: '"47B7F6QLHW6K515EWMAOJ4LOW"',
145 silly get     age: '121',
145 silly get     connection: 'keep-alive',
145 silly get     'x-served-by': 'cache-lax1431-LAX',
145 silly get     'x-cache': 'HIT',
145 silly get     'x-cache-hits': '1',
145 silly get     'x-timer': 'S1462457087.808272,VS0,VE0',
145 silly get     vary: 'Accept-Encoding' } ]
146 verbose etag https://registry.npmjs.org/jstransform from cache
147 verbose get saving jstransform to /home/ec2-user/.npm/registry.npmjs.org/jstransform/.cache.json
148 verbose correctMkdir /home/ec2-user/.npm correctMkdir not in flight; initializing
149 verbose afterAdd /home/ec2-user/.npm/through/2.3.8/package/package.json written
150 silly resolveWithNewModule jstransform@10.1.0 checking installable status
151 silly cache add args [ 'jstransform@^10.0.1', null ]
152 verbose cache add spec jstransform@^10.0.1
153 silly cache add parsed spec { raw: 'jstransform@^10.0.1',
153 silly cache add   scope: null,
153 silly cache add   name: 'jstransform',
153 silly cache add   rawSpec: '^10.0.1',
153 silly cache add   spec: '>=10.0.1 <11.0.0',
153 silly cache add   type: 'range' }
154 silly addNamed jstransform@>=10.0.1 <11.0.0
155 verbose addNamed ">=10.0.1 <11.0.0" is a valid semver range for jstransform
156 silly addNameRange { name: 'jstransform',
156 silly addNameRange   range: '>=10.0.1 <11.0.0',
156 silly addNameRange   hasData: false }
157 silly mapToRegistry name jstransform
158 silly mapToRegistry using default registry
159 silly mapToRegistry registry https://registry.npmjs.org/
160 silly mapToRegistry data { raw: 'jstransform',
160 silly mapToRegistry   scope: null,
160 silly mapToRegistry   name: 'jstransform',
160 silly mapToRegistry   rawSpec: '',
160 silly mapToRegistry   spec: 'latest',
160 silly mapToRegistry   type: 'tag' }
161 silly mapToRegistry uri https://registry.npmjs.org/jstransform
162 verbose addNameRange registry:https://registry.npmjs.org/jstransform not in flight; fetching
163 verbose get https://registry.npmjs.org/jstransform not expired, no request
164 silly addNameRange number 2 { name: 'jstransform', range: '>=10.0.1 <11.0.0', hasData: true }
165 silly addNameRange versions [ 'jstransform',
165 silly addNameRange   [ '1.0.0',
165 silly addNameRange     '1.0.1',
165 silly addNameRange     '2.0.1',
165 silly addNameRange     '2.0.2',
165 silly addNameRange     '2.0.3',
165 silly addNameRange     '3.0.0',
165 silly addNameRange     '4.0.0',
165 silly addNameRange     '4.0.1',
165 silly addNameRange     '5.0.0',
165 silly addNameRange     '6.0.0',
165 silly addNameRange     '6.0.1',
165 silly addNameRange     '6.1.0',
165 silly addNameRange     '6.2.0',
165 silly addNameRange     '6.3.0',
165 silly addNameRange     '6.3.2',
165 silly addNameRange     '7.0.0',
165 silly addNameRange     '8.0.0',
165 silly addNameRange     '8.1.0',
165 silly addNameRange     '8.2.0',
165 silly addNameRange     '9.0.0',
165 silly addNameRange     '9.1.0',
165 silly addNameRange     '9.1.1',
165 silly addNameRange     '10.0.0',
165 silly addNameRange     '10.0.1',
165 silly addNameRange     '10.1.0',
165 silly addNameRange     '11.0.0',
165 silly addNameRange     '11.0.1',
165 silly addNameRange     '11.0.2',
165 silly addNameRange     '11.0.3' ] ]
166 silly addNamed jstransform@10.1.0
167 verbose addNamed "10.1.0" is a plain semver version for jstransform
168 silly cache afterAdd jstransform@10.1.0
169 verbose afterAdd /home/ec2-user/.npm/jstransform/10.1.0/package/package.json not in flight; writing
170 verbose correctMkdir /home/ec2-user/.npm correctMkdir not in flight; initializing
171 verbose afterAdd /home/ec2-user/.npm/jstransform/10.1.0/package/package.json written
172 silly fetchNamedPackageData base62
173 silly mapToRegistry name base62
174 silly mapToRegistry using default registry
175 silly mapToRegistry registry https://registry.npmjs.org/
176 silly mapToRegistry data { raw: 'base62',
176 silly mapToRegistry   scope: null,
176 silly mapToRegistry   name: 'base62',
176 silly mapToRegistry   rawSpec: '',
176 silly mapToRegistry   spec: 'latest',
176 silly mapToRegistry   type: 'tag' }
177 silly mapToRegistry uri https://registry.npmjs.org/base62
178 silly fetchNamedPackageData esprima-fb
179 silly mapToRegistry name esprima-fb
180 silly mapToRegistry using default registry
181 silly mapToRegistry registry https://registry.npmjs.org/
182 silly mapToRegistry data { raw: 'esprima-fb',
182 silly mapToRegistry   scope: null,
182 silly mapToRegistry   name: 'esprima-fb',
182 silly mapToRegistry   rawSpec: '',
182 silly mapToRegistry   spec: 'latest',
182 silly mapToRegistry   type: 'tag' }
183 silly mapToRegistry uri https://registry.npmjs.org/esprima-fb
184 silly fetchNamedPackageData source-map
185 silly mapToRegistry name source-map
186 silly mapToRegistry using default registry
187 silly mapToRegistry registry https://registry.npmjs.org/
188 silly mapToRegistry data { raw: 'source-map',
188 silly mapToRegistry   scope: null,
188 silly mapToRegistry   name: 'source-map',
188 silly mapToRegistry   rawSpec: '',
188 silly mapToRegistry   spec: 'latest',
188 silly mapToRegistry   type: 'tag' }
189 silly mapToRegistry uri https://registry.npmjs.org/source-map
190 verbose request uri https://registry.npmjs.org/base62
191 verbose request no auth needed
192 info attempt registry request try #1 at 14:04:47
193 verbose etag "8SOVMDFZ4MZ1TVBV3W6T9QEPE"
194 http request GET https://registry.npmjs.org/base62
195 verbose request uri https://registry.npmjs.org/esprima-fb
196 verbose request no auth needed
197 info attempt registry request try #1 at 14:04:47
198 verbose etag "E6S2MZIRBJYLZ75BN1EH7EXQQ"
199 http request GET https://registry.npmjs.org/esprima-fb
200 verbose request uri https://registry.npmjs.org/source-map
201 verbose request no auth needed
202 info attempt registry request try #1 at 14:04:47
203 verbose etag "6FOGQ0DEW49F4TBK11MIL5JD4"
204 http request GET https://registry.npmjs.org/source-map
205 http 304 https://registry.npmjs.org/source-map
206 verbose headers { date: 'Thu, 05 May 2016 14:04:48 GMT',
206 verbose headers   via: '1.1 varnish',
206 verbose headers   'cache-control': 'max-age=300',
206 verbose headers   etag: '"6FOGQ0DEW49F4TBK11MIL5JD4"',
206 verbose headers   age: '19',
206 verbose headers   connection: 'keep-alive',
206 verbose headers   'x-served-by': 'cache-lax1423-LAX',
206 verbose headers   'x-cache': 'HIT',
206 verbose headers   'x-cache-hits': '2',
206 verbose headers   'x-timer': 'S1462457088.005235,VS0,VE0',
206 verbose headers   vary: 'Accept-Encoding' }
207 silly get cb [ 304,
207 silly get   { date: 'Thu, 05 May 2016 14:04:48 GMT',
207 silly get     via: '1.1 varnish',
207 silly get     'cache-control': 'max-age=300',
207 silly get     etag: '"6FOGQ0DEW49F4TBK11MIL5JD4"',
207 silly get     age: '19',
207 silly get     connection: 'keep-alive',
207 silly get     'x-served-by': 'cache-lax1423-LAX',
207 silly get     'x-cache': 'HIT',
207 silly get     'x-cache-hits': '2',
207 silly get     'x-timer': 'S1462457088.005235,VS0,VE0',
207 silly get     vary: 'Accept-Encoding' } ]
208 verbose etag https://registry.npmjs.org/source-map from cache
209 verbose get saving source-map to /home/ec2-user/.npm/registry.npmjs.org/source-map/.cache.json
210 verbose correctMkdir /home/ec2-user/.npm correctMkdir not in flight; initializing
211 silly resolveWithNewModule source-map@0.1.31 checking installable status
212 silly cache add args [ 'source-map@0.1.31', null ]
213 verbose cache add spec source-map@0.1.31
214 silly cache add parsed spec { raw: 'source-map@0.1.31',
214 silly cache add   scope: null,
214 silly cache add   name: 'source-map',
214 silly cache add   rawSpec: '0.1.31',
214 silly cache add   spec: '0.1.31',
214 silly cache add   type: 'version' }
215 silly addNamed source-map@0.1.31
216 verbose addNamed "0.1.31" is a plain semver version for source-map
217 silly mapToRegistry name source-map
218 silly mapToRegistry using default registry
219 silly mapToRegistry registry https://registry.npmjs.org/
220 silly mapToRegistry data { raw: 'source-map',
220 silly mapToRegistry   scope: null,
220 silly mapToRegistry   name: 'source-map',
220 silly mapToRegistry   rawSpec: '',
220 silly mapToRegistry   spec: 'latest',
220 silly mapToRegistry   type: 'tag' }
221 silly mapToRegistry uri https://registry.npmjs.org/source-map
222 verbose addNameVersion registry:https://registry.npmjs.org/source-map not in flight; fetching
223 verbose get https://registry.npmjs.org/source-map not expired, no request
224 silly cache afterAdd source-map@0.1.31
225 verbose afterAdd /home/ec2-user/.npm/source-map/0.1.31/package/package.json not in flight; writing
226 verbose correctMkdir /home/ec2-user/.npm correctMkdir not in flight; initializing
227 http 304 https://registry.npmjs.org/esprima-fb
228 verbose headers { date: 'Thu, 05 May 2016 14:04:48 GMT',
228 verbose headers   via: '1.1 varnish',
228 verbose headers   'cache-control': 'max-age=300',
228 verbose headers   etag: '"E6S2MZIRBJYLZ75BN1EH7EXQQ"',
228 verbose headers   age: '155',
228 verbose headers   connection: 'keep-alive',
228 verbose headers   'x-served-by': 'cache-lax1433-LAX',
228 verbose headers   'x-cache': 'HIT',
228 verbose headers   'x-cache-hits': '1',
228 verbose headers   'x-timer': 'S1462457088.013961,VS0,VE0',
228 verbose headers   vary: 'Accept-Encoding' }
229 silly get cb [ 304,
229 silly get   { date: 'Thu, 05 May 2016 14:04:48 GMT',
229 silly get     via: '1.1 varnish',
229 silly get     'cache-control': 'max-age=300',
229 silly get     etag: '"E6S2MZIRBJYLZ75BN1EH7EXQQ"',
229 silly get     age: '155',
229 silly get     connection: 'keep-alive',
229 silly get     'x-served-by': 'cache-lax1433-LAX',
229 silly get     'x-cache': 'HIT',
229 silly get     'x-cache-hits': '1',
229 silly get     'x-timer': 'S1462457088.013961,VS0,VE0',
229 silly get     vary: 'Accept-Encoding' } ]
230 verbose etag https://registry.npmjs.org/esprima-fb from cache
231 verbose get saving esprima-fb to /home/ec2-user/.npm/registry.npmjs.org/esprima-fb/.cache.json
232 verbose correctMkdir /home/ec2-user/.npm correctMkdir not in flight; initializing
233 verbose afterAdd /home/ec2-user/.npm/source-map/0.1.31/package/package.json written
234 silly resolveWithNewModule esprima-fb@13001.1001.0-dev-harmony-fb checking installable status
235 silly cache add args [ 'esprima-fb@13001.1001.0-dev-harmony-fb', null ]
236 verbose cache add spec esprima-fb@13001.1001.0-dev-harmony-fb
237 silly cache add parsed spec { raw: 'esprima-fb@13001.1001.0-dev-harmony-fb',
237 silly cache add   scope: null,
237 silly cache add   name: 'esprima-fb',
237 silly cache add   rawSpec: '13001.1001.0-dev-harmony-fb',
237 silly cache add   spec: '13001.1001.0-dev-harmony-fb',
237 silly cache add   type: 'version' }
238 silly addNamed esprima-fb@13001.1001.0-dev-harmony-fb
239 verbose addNamed "13001.1001.0-dev-harmony-fb" is a plain semver version for esprima-fb
240 silly mapToRegistry name esprima-fb
241 silly mapToRegistry using default registry
242 silly mapToRegistry registry https://registry.npmjs.org/
243 silly mapToRegistry data { raw: 'esprima-fb',
243 silly mapToRegistry   scope: null,
243 silly mapToRegistry   name: 'esprima-fb',
243 silly mapToRegistry   rawSpec: '',
243 silly mapToRegistry   spec: 'latest',
243 silly mapToRegistry   type: 'tag' }
244 silly mapToRegistry uri https://registry.npmjs.org/esprima-fb
245 verbose addNameVersion registry:https://registry.npmjs.org/esprima-fb not in flight; fetching
246 http 304 https://registry.npmjs.org/base62
247 verbose headers { date: 'Thu, 05 May 2016 14:04:48 GMT',
247 verbose headers   via: '1.1 varnish',
247 verbose headers   'cache-control': 'max-age=300',
247 verbose headers   etag: '"8SOVMDFZ4MZ1TVBV3W6T9QEPE"',
247 verbose headers   age: '130',
247 verbose headers   connection: 'keep-alive',
247 verbose headers   'x-served-by': 'cache-lax1429-LAX',
247 verbose headers   'x-cache': 'HIT',
247 verbose headers   'x-cache-hits': '1',
247 verbose headers   'x-timer': 'S1462457088.022797,VS0,VE0',
247 verbose headers   vary: 'Accept-Encoding' }
248 silly get cb [ 304,
248 silly get   { date: 'Thu, 05 May 2016 14:04:48 GMT',
248 silly get     via: '1.1 varnish',
248 silly get     'cache-control': 'max-age=300',
248 silly get     etag: '"8SOVMDFZ4MZ1TVBV3W6T9QEPE"',
248 silly get     age: '130',
248 silly get     connection: 'keep-alive',
248 silly get     'x-served-by': 'cache-lax1429-LAX',
248 silly get     'x-cache': 'HIT',
248 silly get     'x-cache-hits': '1',
248 silly get     'x-timer': 'S1462457088.022797,VS0,VE0',
248 silly get     vary: 'Accept-Encoding' } ]
249 verbose etag https://registry.npmjs.org/base62 from cache
250 verbose get saving base62 to /home/ec2-user/.npm/registry.npmjs.org/base62/.cache.json
251 verbose correctMkdir /home/ec2-user/.npm correctMkdir not in flight; initializing
252 verbose get https://registry.npmjs.org/esprima-fb not expired, no request
253 silly resolveWithNewModule base62@0.1.1 checking installable status
254 silly cache add args [ 'base62@0.1.1', null ]
255 verbose cache add spec base62@0.1.1
256 silly cache add parsed spec { raw: 'base62@0.1.1',
256 silly cache add   scope: null,
256 silly cache add   name: 'base62',
256 silly cache add   rawSpec: '0.1.1',
256 silly cache add   spec: '0.1.1',
256 silly cache add   type: 'version' }
257 silly addNamed base62@0.1.1
258 verbose addNamed "0.1.1" is a plain semver version for base62
259 silly mapToRegistry name base62
260 silly mapToRegistry using default registry
261 silly mapToRegistry registry https://registry.npmjs.org/
262 silly mapToRegistry data { raw: 'base62',
262 silly mapToRegistry   scope: null,
262 silly mapToRegistry   name: 'base62',
262 silly mapToRegistry   rawSpec: '',
262 silly mapToRegistry   spec: 'latest',
262 silly mapToRegistry   type: 'tag' }
263 silly mapToRegistry uri https://registry.npmjs.org/base62
264 verbose addNameVersion registry:https://registry.npmjs.org/base62 not in flight; fetching
265 silly cache afterAdd esprima-fb@13001.1001.0-dev-harmony-fb
266 verbose afterAdd /home/ec2-user/.npm/esprima-fb/13001.1001.0-dev-harmony-fb/package/package.json not in flight; writing
267 verbose correctMkdir /home/ec2-user/.npm correctMkdir not in flight; initializing
268 verbose get https://registry.npmjs.org/base62 not expired, no request
269 verbose afterAdd /home/ec2-user/.npm/esprima-fb/13001.1001.0-dev-harmony-fb/package/package.json written
270 silly cache afterAdd base62@0.1.1
271 verbose afterAdd /home/ec2-user/.npm/base62/0.1.1/package/package.json not in flight; writing
272 verbose correctMkdir /home/ec2-user/.npm correctMkdir not in flight; initializing
273 verbose afterAdd /home/ec2-user/.npm/base62/0.1.1/package/package.json written
274 silly fetchNamedPackageData amdefine
275 silly mapToRegistry name amdefine
276 silly mapToRegistry using default registry
277 silly mapToRegistry registry https://registry.npmjs.org/
278 silly mapToRegistry data { raw: 'amdefine',
278 silly mapToRegistry   scope: null,
278 silly mapToRegistry   name: 'amdefine',
278 silly mapToRegistry   rawSpec: '',
278 silly mapToRegistry   spec: 'latest',
278 silly mapToRegistry   type: 'tag' }
279 silly mapToRegistry uri https://registry.npmjs.org/amdefine
280 verbose request uri https://registry.npmjs.org/amdefine
281 verbose request no auth needed
282 info attempt registry request try #1 at 14:04:48
283 verbose etag "7QBUZMENK2X1MN2MI4IF5JSH4"
284 http request GET https://registry.npmjs.org/amdefine
285 http 304 https://registry.npmjs.org/amdefine
286 verbose headers { date: 'Thu, 05 May 2016 14:04:48 GMT',
286 verbose headers   via: '1.1 varnish',
286 verbose headers   'cache-control': 'max-age=300',
286 verbose headers   etag: '"7QBUZMENK2X1MN2MI4IF5JSH4"',
286 verbose headers   age: '242',
286 verbose headers   connection: 'keep-alive',
286 verbose headers   'x-served-by': 'cache-lax1420-LAX',
286 verbose headers   'x-cache': 'HIT',
286 verbose headers   'x-cache-hits': '13',
286 verbose headers   'x-timer': 'S1462457088.208632,VS0,VE0',
286 verbose headers   vary: 'Accept-Encoding' }
287 silly get cb [ 304,
287 silly get   { date: 'Thu, 05 May 2016 14:04:48 GMT',
287 silly get     via: '1.1 varnish',
287 silly get     'cache-control': 'max-age=300',
287 silly get     etag: '"7QBUZMENK2X1MN2MI4IF5JSH4"',
287 silly get     age: '242',
287 silly get     connection: 'keep-alive',
287 silly get     'x-served-by': 'cache-lax1420-LAX',
287 silly get     'x-cache': 'HIT',
287 silly get     'x-cache-hits': '13',
287 silly get     'x-timer': 'S1462457088.208632,VS0,VE0',
287 silly get     vary: 'Accept-Encoding' } ]
288 verbose etag https://registry.npmjs.org/amdefine from cache
289 verbose get saving amdefine to /home/ec2-user/.npm/registry.npmjs.org/amdefine/.cache.json
290 verbose correctMkdir /home/ec2-user/.npm correctMkdir not in flight; initializing
291 silly resolveWithNewModule amdefine@1.0.0 checking installable status
292 silly cache add args [ 'amdefine@>=0.0.4', null ]
293 verbose cache add spec amdefine@>=0.0.4
294 silly cache add parsed spec { raw: 'amdefine@>=0.0.4',
294 silly cache add   scope: null,
294 silly cache add   name: 'amdefine',
294 silly cache add   rawSpec: '>=0.0.4',
294 silly cache add   spec: '>=0.0.4',
294 silly cache add   type: 'range' }
295 silly addNamed amdefine@>=0.0.4
296 verbose addNamed ">=0.0.4" is a valid semver range for amdefine
297 silly addNameRange { name: 'amdefine', range: '>=0.0.4', hasData: false }
298 silly mapToRegistry name amdefine
299 silly mapToRegistry using default registry
300 silly mapToRegistry registry https://registry.npmjs.org/
301 silly mapToRegistry data { raw: 'amdefine',
301 silly mapToRegistry   scope: null,
301 silly mapToRegistry   name: 'amdefine',
301 silly mapToRegistry   rawSpec: '',
301 silly mapToRegistry   spec: 'latest',
301 silly mapToRegistry   type: 'tag' }
302 silly mapToRegistry uri https://registry.npmjs.org/amdefine
303 verbose addNameRange registry:https://registry.npmjs.org/amdefine not in flight; fetching
304 verbose get https://registry.npmjs.org/amdefine not expired, no request
305 silly addNameRange number 2 { name: 'amdefine', range: '>=0.0.4', hasData: true }
306 silly addNameRange versions [ 'amdefine',
306 silly addNameRange   [ '0.0.1',
306 silly addNameRange     '0.0.2',
306 silly addNameRange     '0.0.3',
306 silly addNameRange     '0.0.4',
306 silly addNameRange     '0.0.5',
306 silly addNameRange     '0.0.6',
306 silly addNameRange     '0.0.7',
306 silly addNameRange     '0.0.8',
306 silly addNameRange     '0.1.0',
306 silly addNameRange     '0.1.1',
306 silly addNameRange     '1.0.0' ] ]
307 silly addNamed amdefine@1.0.0
308 verbose addNamed "1.0.0" is a plain semver version for amdefine
309 silly cache afterAdd amdefine@1.0.0
310 verbose afterAdd /home/ec2-user/.npm/amdefine/1.0.0/package/package.json not in flight; writing
311 verbose correctMkdir /home/ec2-user/.npm correctMkdir not in flight; initializing
312 verbose afterAdd /home/ec2-user/.npm/amdefine/1.0.0/package/package.json written
313 silly loadAllDepsIntoIdealTree Finishing
314 silly idealTree:prePrune ReactTrader@1.0.0
314 silly idealTree:prePrune ├── accepts@1.2.13
314 silly idealTree:prePrune ├── after@0.8.1
314 silly idealTree:prePrune ├── amdefine@1.0.0
314 silly idealTree:prePrune ├── array-flatten@1.1.1
314 silly idealTree:prePrune ├── arraybuffer.slice@0.0.6
314 silly idealTree:prePrune ├── backo2@1.0.2
314 silly idealTree:prePrune ├── base62@0.1.1
314 silly idealTree:prePrune ├── base64-arraybuffer@0.1.2
314 silly idealTree:prePrune ├── base64id@0.1.0
314 silly idealTree:prePrune ├── benchmark@1.0.0
314 silly idealTree:prePrune ├── better-assert@1.0.2
314 silly idealTree:prePrune ├── bindings@1.2.1
314 silly idealTree:prePrune ├── blob@0.0.4
314 silly idealTree:prePrune ├── callsite@1.0.0
314 silly idealTree:prePrune ├── component-bind@1.0.0
314 silly idealTree:prePrune ├── component-emitter@1.1.2
314 silly idealTree:prePrune ├── component-inherit@0.0.3
314 silly idealTree:prePrune ├── content-disposition@0.5.1
314 silly idealTree:prePrune ├── content-type@1.0.1
314 silly idealTree:prePrune ├── cookie-signature@1.0.6
314 silly idealTree:prePrune ├── cookie@0.1.5
314 silly idealTree:prePrune ├── debug@2.2.0
314 silly idealTree:prePrune ├── depd@1.1.0
314 silly idealTree:prePrune ├── destroy@1.0.4
314 silly idealTree:prePrune ├── ee-first@1.1.1
314 silly idealTree:prePrune ├── engine.io-client@1.6.9
314 silly idealTree:prePrune ├─┬ engine.io-parser@1.2.4
314 silly idealTree:prePrune │ └── has-binary@0.1.6
314 silly idealTree:prePrune ├─┬ engine.io@1.6.9
314 silly idealTree:prePrune │ ├── accepts@1.1.4
314 silly idealTree:prePrune │ ├── mime-db@1.12.0
314 silly idealTree:prePrune │ ├── mime-types@2.0.14
314 silly idealTree:prePrune │ └── negotiator@0.4.9
314 silly idealTree:prePrune ├── envify@3.4.0
314 silly idealTree:prePrune ├── escape-html@1.0.3
314 silly idealTree:prePrune ├── esprima-fb@13001.1001.0-dev-harmony-fb
314 silly idealTree:prePrune ├── etag@1.7.0
314 silly idealTree:prePrune ├── express@4.13.4
314 silly idealTree:prePrune ├── finalhandler@0.4.1
314 silly idealTree:prePrune ├── forwarded@0.1.0
314 silly idealTree:prePrune ├── fresh@0.3.0
314 silly idealTree:prePrune ├── has-binary@0.1.7
314 silly idealTree:prePrune ├── has-cors@1.1.0
314 silly idealTree:prePrune ├── http-errors@1.3.1
314 silly idealTree:prePrune ├── indexof@0.0.1
314 silly idealTree:prePrune ├── inherits@2.0.1
314 silly idealTree:prePrune ├── ipaddr.js@1.0.5
314 silly idealTree:prePrune ├── isarray@0.0.1
314 silly idealTree:prePrune ├── json3@3.2.6
314 silly idealTree:prePrune ├── jstransform@10.1.0
314 silly idealTree:prePrune ├── media-typer@0.3.0
314 silly idealTree:prePrune ├── merge-descriptors@1.0.1
314 silly idealTree:prePrune ├── methods@1.1.2
314 silly idealTree:prePrune ├── mime-db@1.23.0
314 silly idealTree:prePrune ├── mime-types@2.1.11
314 silly idealTree:prePrune ├── mime@1.3.4
314 silly idealTree:prePrune ├── ms@0.7.1
314 silly idealTree:prePrune ├── nan@2.2.1
314 silly idealTree:prePrune ├── negotiator@0.5.3
314 silly idealTree:prePrune ├── object-component@0.0.3
314 silly idealTree:prePrune ├── on-finished@2.3.0
314 silly idealTree:prePrune ├── options@0.0.6
314 silly idealTree:prePrune ├── parsejson@0.0.1
314 silly idealTree:prePrune ├── parseqs@0.0.2
314 silly idealTree:prePrune ├── parseuri@0.0.4
314 silly idealTree:prePrune ├── parseurl@1.3.1
314 silly idealTree:prePrune ├── path-to-regexp@0.1.7
314 silly idealTree:prePrune ├── proxy-addr@1.0.10
314 silly idealTree:prePrune ├── qs@4.0.0
314 silly idealTree:prePrune ├── range-parser@1.0.3
314 silly idealTree:prePrune ├── react-dom@15.0.2
314 silly idealTree:prePrune ├── react-sparklines@1.5.2
314 silly idealTree:prePrune ├── react@0.13.3
314 silly idealTree:prePrune ├── send@0.13.1
314 silly idealTree:prePrune ├── serve-static@1.10.2
314 silly idealTree:prePrune ├─┬ socket.io-adapter@0.4.0
314 silly idealTree:prePrune │ └─┬ socket.io-parser@2.2.2
314 silly idealTree:prePrune │   └── debug@0.7.4
314 silly idealTree:prePrune ├─┬ socket.io-client@1.4.6
314 silly idealTree:prePrune │ └── component-emitter@1.2.0
314 silly idealTree:prePrune ├─┬ socket.io-parser@2.2.6
314 silly idealTree:prePrune │ └── json3@3.3.2
314 silly idealTree:prePrune ├── socket.io@1.4.6
314 silly idealTree:prePrune ├── source-map@0.1.31
314 silly idealTree:prePrune ├── statuses@1.2.1
314 silly idealTree:prePrune ├── through@2.3.8
314 silly idealTree:prePrune ├── to-array@0.1.4
314 silly idealTree:prePrune ├── type-is@1.6.12
314 silly idealTree:prePrune ├── ultron@1.0.2
314 silly idealTree:prePrune ├── unpipe@1.0.0
314 silly idealTree:prePrune ├── utf8@2.1.0
314 silly idealTree:prePrune ├── utils-merge@1.0.0
314 silly idealTree:prePrune ├── vary@1.0.1
314 silly idealTree:prePrune ├── ws@1.0.1
314 silly idealTree:prePrune ├── xmlhttprequest-ssl@1.5.1
314 silly idealTree:prePrune └── yeast@0.1.2
315 silly loadIdealTree Finishing
316 silly currentTree ReactTrader@1.0.0
316 silly currentTree ├── accepts@1.2.13
316 silly currentTree ├── after@0.8.1
316 silly currentTree ├── amdefine@1.0.0
316 silly currentTree ├── array-flatten@1.1.1
316 silly currentTree ├── arraybuffer.slice@0.0.6
316 silly currentTree ├── backo2@1.0.2
316 silly currentTree ├── base62@0.1.1
316 silly currentTree ├── base64-arraybuffer@0.1.2
316 silly currentTree ├── base64id@0.1.0
316 silly currentTree ├── benchmark@1.0.0
316 silly currentTree ├── better-assert@1.0.2
316 silly currentTree ├── bindings@1.2.1
316 silly currentTree ├── blob@0.0.4
316 silly currentTree ├── callsite@1.0.0
316 silly currentTree ├── component-bind@1.0.0
316 silly currentTree ├── component-emitter@1.1.2
316 silly currentTree ├── component-inherit@0.0.3
316 silly currentTree ├── content-disposition@0.5.1
316 silly currentTree ├── content-type@1.0.1
316 silly currentTree ├── cookie-signature@1.0.6
316 silly currentTree ├── cookie@0.1.5
316 silly currentTree ├── debug@2.2.0
316 silly currentTree ├── depd@1.1.0
316 silly currentTree ├── destroy@1.0.4
316 silly currentTree ├── ee-first@1.1.1
316 silly currentTree ├── engine.io-client@1.6.9
316 silly currentTree ├─┬ engine.io-parser@1.2.4
316 silly currentTree │ └── has-binary@0.1.6
316 silly currentTree ├─┬ engine.io@1.6.9
316 silly currentTree │ ├── accepts@1.1.4
316 silly currentTree │ ├── mime-db@1.12.0
316 silly currentTree │ ├── mime-types@2.0.14
316 silly currentTree │ └── negotiator@0.4.9
316 silly currentTree ├── envify@3.4.0
316 silly currentTree ├── escape-html@1.0.3
316 silly currentTree ├── esprima-fb@13001.1001.0-dev-harmony-fb
316 silly currentTree ├── etag@1.7.0
316 silly currentTree ├── express@4.13.4
316 silly currentTree ├── finalhandler@0.4.1
316 silly currentTree ├── forwarded@0.1.0
316 silly currentTree ├── fresh@0.3.0
316 silly currentTree ├── has-binary@0.1.7
316 silly currentTree ├── has-cors@1.1.0
316 silly currentTree ├── http-errors@1.3.1
316 silly currentTree ├── indexof@0.0.1
316 silly currentTree ├── inherits@2.0.1
316 silly currentTree ├── ipaddr.js@1.0.5
316 silly currentTree ├── isarray@0.0.1
316 silly currentTree ├── json3@3.2.6
316 silly currentTree ├── jstransform@10.1.0
316 silly currentTree ├── media-typer@0.3.0
316 silly currentTree ├── merge-descriptors@1.0.1
316 silly currentTree ├── methods@1.1.2
316 silly currentTree ├── mime-db@1.23.0
316 silly currentTree ├── mime-types@2.1.11
316 silly currentTree ├── mime@1.3.4
316 silly currentTree ├── ms@0.7.1
316 silly currentTree ├── nan@2.2.1
316 silly currentTree ├── negotiator@0.5.3
316 silly currentTree ├── object-component@0.0.3
316 silly currentTree ├── on-finished@2.3.0
316 silly currentTree ├── options@0.0.6
316 silly currentTree ├── parsejson@0.0.1
316 silly currentTree ├── parseqs@0.0.2
316 silly currentTree ├── parseuri@0.0.4
316 silly currentTree ├── parseurl@1.3.1
316 silly currentTree ├── path-to-regexp@0.1.7
316 silly currentTree ├── proxy-addr@1.0.10
316 silly currentTree ├── qs@4.0.0
316 silly currentTree ├── range-parser@1.0.3
316 silly currentTree ├── react-dom@15.0.2
316 silly currentTree ├── react-sparklines@1.5.2
316 silly currentTree ├── react@0.13.3
316 silly currentTree ├── send@0.13.1
316 silly currentTree ├── serve-static@1.10.2
316 silly currentTree ├─┬ socket.io-adapter@0.4.0
316 silly currentTree │ └─┬ socket.io-parser@2.2.2
316 silly currentTree │   └── debug@0.7.4
316 silly currentTree ├─┬ socket.io-client@1.4.6
316 silly currentTree │ └── component-emitter@1.2.0
316 silly currentTree ├─┬ socket.io-parser@2.2.6
316 silly currentTree │ └── json3@3.3.2
316 silly currentTree ├── socket.io@1.4.6
316 silly currentTree ├── source-map@0.1.31
316 silly currentTree ├── statuses@1.2.1
316 silly currentTree ├── through@2.3.8
316 silly currentTree ├── to-array@0.1.4
316 silly currentTree ├── type-is@1.6.12
316 silly currentTree ├── ultron@1.0.2
316 silly currentTree ├── unpipe@1.0.0
316 silly currentTree ├── utf8@2.1.0
316 silly currentTree ├── utils-merge@1.0.0
316 silly currentTree ├── vary@1.0.1
316 silly currentTree ├── ws@1.0.1
316 silly currentTree ├── xmlhttprequest-ssl@1.5.1
316 silly currentTree └── yeast@0.1.2
317 silly idealTree ReactTrader@1.0.0
317 silly idealTree ├── accepts@1.2.13
317 silly idealTree ├── after@0.8.1
317 silly idealTree ├── amdefine@1.0.0
317 silly idealTree ├── array-flatten@1.1.1
317 silly idealTree ├── arraybuffer.slice@0.0.6
317 silly idealTree ├── backo2@1.0.2
317 silly idealTree ├── base62@0.1.1
317 silly idealTree ├── base64-arraybuffer@0.1.2
317 silly idealTree ├── base64id@0.1.0
317 silly idealTree ├── benchmark@1.0.0
317 silly idealTree ├── better-assert@1.0.2
317 silly idealTree ├── bindings@1.2.1
317 silly idealTree ├── blob@0.0.4
317 silly idealTree ├── callsite@1.0.0
317 silly idealTree ├── component-bind@1.0.0
317 silly idealTree ├── component-emitter@1.1.2
317 silly idealTree ├── component-inherit@0.0.3
317 silly idealTree ├── content-disposition@0.5.1
317 silly idealTree ├── content-type@1.0.1
317 silly idealTree ├── cookie-signature@1.0.6
317 silly idealTree ├── cookie@0.1.5
317 silly idealTree ├── debug@2.2.0
317 silly idealTree ├── depd@1.1.0
317 silly idealTree ├── destroy@1.0.4
317 silly idealTree ├── ee-first@1.1.1
317 silly idealTree ├── engine.io-client@1.6.9
317 silly idealTree ├─┬ engine.io-parser@1.2.4
317 silly idealTree │ └── has-binary@0.1.6
317 silly idealTree ├─┬ engine.io@1.6.9
317 silly idealTree │ ├── accepts@1.1.4
317 silly idealTree │ ├── mime-db@1.12.0
317 silly idealTree │ ├── mime-types@2.0.14
317 silly idealTree │ └── negotiator@0.4.9
317 silly idealTree ├── envify@3.4.0
317 silly idealTree ├── escape-html@1.0.3
317 silly idealTree ├── esprima-fb@13001.1001.0-dev-harmony-fb
317 silly idealTree ├── etag@1.7.0
317 silly idealTree ├── express@4.13.4
317 silly idealTree ├── finalhandler@0.4.1
317 silly idealTree ├── forwarded@0.1.0
317 silly idealTree ├── fresh@0.3.0
317 silly idealTree ├── has-binary@0.1.7
317 silly idealTree ├── has-cors@1.1.0
317 silly idealTree ├── http-errors@1.3.1
317 silly idealTree ├── indexof@0.0.1
317 silly idealTree ├── inherits@2.0.1
317 silly idealTree ├── ipaddr.js@1.0.5
317 silly idealTree ├── isarray@0.0.1
317 silly idealTree ├── json3@3.2.6
317 silly idealTree ├── jstransform@10.1.0
317 silly idealTree ├── media-typer@0.3.0
317 silly idealTree ├── merge-descriptors@1.0.1
317 silly idealTree ├── methods@1.1.2
317 silly idealTree ├── mime-db@1.23.0
317 silly idealTree ├── mime-types@2.1.11
317 silly idealTree ├── mime@1.3.4
317 silly idealTree ├── ms@0.7.1
317 silly idealTree ├── nan@2.2.1
317 silly idealTree ├── negotiator@0.5.3
317 silly idealTree ├── object-component@0.0.3
317 silly idealTree ├── on-finished@2.3.0
317 silly idealTree ├── options@0.0.6
317 silly idealTree ├── parsejson@0.0.1
317 silly idealTree ├── parseqs@0.0.2
317 silly idealTree ├── parseuri@0.0.4
317 silly idealTree ├── parseurl@1.3.1
317 silly idealTree ├── path-to-regexp@0.1.7
317 silly idealTree ├── proxy-addr@1.0.10
317 silly idealTree ├── qs@4.0.0
317 silly idealTree ├── range-parser@1.0.3
317 silly idealTree ├── react-dom@15.0.2
317 silly idealTree ├── react-sparklines@1.5.2
317 silly idealTree ├── react@0.13.3
317 silly idealTree ├── send@0.13.1
317 silly idealTree ├── serve-static@1.10.2
317 silly idealTree ├─┬ socket.io-adapter@0.4.0
317 silly idealTree │ └─┬ socket.io-parser@2.2.2
317 silly idealTree │   └── debug@0.7.4
317 silly idealTree ├─┬ socket.io-client@1.4.6
317 silly idealTree │ └── component-emitter@1.2.0
317 silly idealTree ├─┬ socket.io-parser@2.2.6
317 silly idealTree │ └── json3@3.3.2
317 silly idealTree ├── socket.io@1.4.6
317 silly idealTree ├── source-map@0.1.31
317 silly idealTree ├── statuses@1.2.1
317 silly idealTree ├── through@2.3.8
317 silly idealTree ├── to-array@0.1.4
317 silly idealTree ├── type-is@1.6.12
317 silly idealTree ├── ultron@1.0.2
317 silly idealTree ├── unpipe@1.0.0
317 silly idealTree ├── utf8@2.1.0
317 silly idealTree ├── utils-merge@1.0.0
317 silly idealTree ├── vary@1.0.1
317 silly idealTree ├── ws@1.0.1
317 silly idealTree ├── xmlhttprequest-ssl@1.5.1
317 silly idealTree └── yeast@0.1.2
318 silly generateActionsToTake Starting
319 silly install generateActionsToTake
320 warn checkPermissions Missing write access to /home/ec2-user/react-trader/node_modules
321 silly rollbackFailedOptional Starting
322 silly rollbackFailedOptional Finishing
323 silly runTopLevelLifecycles Starting
324 silly runTopLevelLifecycles Finishing
325 silly install printInstalled
326 warn react-dom@15.0.2 requires a peer of react@^15.0.2 but none was installed.
327 warn ReactTrader@1.0.0 No repository field.
328 verbose stack Error: EACCES, access '/home/ec2-user/react-trader/node_modules'
328 verbose stack     at Error (native)
329 verbose cwd /home/ec2-user/react-trader
330 error Linux 4.4.5-15.26.amzn1.x86_64
331 error argv "node" "/usr/local/bin/npm" "install" "react@0.13.3"
332 error node v0.12.7
333 error npm  v3.8.9
334 error path /home/ec2-user/react-trader/node_modules
335 error code EACCES
336 error errno -13
337 error Error: EACCES, access '/home/ec2-user/react-trader/node_modules'
337 error     at Error (native)
337 error  { [Error: EACCES, access '/home/ec2-user/react-trader/node_modules']
337 error   errno: -13,
337 error   code: 'EACCES',
337 error   path: '/home/ec2-user/react-trader/node_modules' }
338 error Please try running this command again as root/Administrator.
339 verbose exit [ -13, true ]
